<?xml version="1.0" encoding="UTF-8"?>
<!-- Generated by org.testng.reporters.JUnitReportReporter -->
<testsuite hostname="LAPTOP-TAVTASOM" failures="0" tests="15" name="Tests.BpjsTest" time="53.352" errors="0" timestamp="2021-05-19T16:49:19 WIB" skipped="0">
  <testcase classname="Tests.BpjsTest" name="goToLoginPage" time="0.607"/>
  <system-out/>
  <testcase classname="Tests.BpjsTest" name="testLogin" time="0.457"/>
  <system-out/>
  <testcase classname="Tests.BpjsTest" name="goToBPJSTest" time="9.526"/>
  <system-out/>
  <testcase classname="Tests.BpjsTest" name="goToBpjsKesehatan" time="0.131"/>
  <system-out/>
  <testcase classname="Tests.BpjsTest" name="inputInvalidMinNomorBpjs" time="1.291"/>
  <system-out/>
  <testcase classname="Tests.BpjsTest" name="validateInvalidMinNomorBpjs" time="2.745"/>
  <system-out/>
  <testcase classname="Tests.BpjsTest" name="inputInvalidMaxnNomorBpjs" time="1.185"/>
  <system-out/>
  <testcase classname="Tests.BpjsTest" name="validateInvalidMaxNomorBpjs" time="2.198"/>
  <system-out/>
  <testcase classname="Tests.BpjsTest" name="inputValidnNomorBpjs" time="2.123"/>
  <system-out/>
  <testcase classname="Tests.BpjsTest" name="validateValidNomorBpjs" time="1.091"/>
  <system-out/>
  <testcase classname="Tests.BpjsTest" name="goToPaymentCenter" time="1.200"/>
  <system-out/>
  <testcase classname="Tests.BpjsTest" name="PilihAlatBayar" time="20.183"/>
  <system-out/>
  <testcase classname="Tests.BpjsTest" name="clickBayar" time="0.944"/>
  <system-out/>
  <testcase classname="Tests.BpjsTest" name="TQPageTest" time="5.428"/>
  <system-out/>
  <testcase classname="Tests.BpjsTest" name="DaftarTrxTest" time="4.243"/>
  <system-out/>
</testsuite> <!-- Tests.BpjsTest -->
