<?xml version="1.0" encoding="UTF-8"?>
<!-- Generated by org.testng.reporters.JUnitReportReporter -->
<testsuite hostname="LAPTOP-TAVTASOM" failures="0" tests="15" name="Tests.PbbTest" time="136.707" errors="0" timestamp="2021-03-24T18:22:38 WIB" skipped="0">
  <testcase classname="Tests.PbbTest" name="goToLoginPage" time="0.866"/>
  <system-out/>
  <testcase classname="Tests.PbbTest" name="testLogin" time="0.475"/>
  <system-out/>
  <testcase classname="Tests.PbbTest" name="goToPbbTest" time="6.634"/>
  <system-out/>
  <testcase classname="Tests.PbbTest" name="goToPbbJakarta" time="0.221"/>
  <system-out/>
  <testcase classname="Tests.PbbTest" name="inputNomorPajak" time="0.151"/>
  <system-out/>
  <testcase classname="Tests.PbbTest" name="logoPbbInputIsDisplay" time="0.112"/>
  <system-out/>
  <testcase classname="Tests.PbbTest" name="btnCancelIsDisplay" time="0.069"/>
  <system-out/>
  <testcase classname="Tests.PbbTest" name="clickListPajak" time="0.120"/>
  <system-out/>
  <testcase classname="Tests.PbbTest" name="textInputTahunPajakIsDisplay" time="0.118"/>
  <system-out/>
  <testcase classname="Tests.PbbTest" name="pilihTahunPajak" time="0.112"/>
  <system-out/>
  <testcase classname="Tests.PbbTest" name="goToCheckoutPbbJakarta" time="0.120"/>
  <system-out/>
  <testcase classname="Tests.PbbTest" name="checkOutPbb" time="2.652"/>
  <system-out/>
  <testcase classname="Tests.PbbTest" name="goToPaymentCenter" time="0.072"/>
  <system-out/>
  <testcase classname="Tests.PbbTest" name="PilihAlatBayar" time="120.217"/>
  <system-out/>
  <testcase classname="Tests.PbbTest" name="clickBayar" time="4.768"/>
  <system-out/>
</testsuite> <!-- Tests.PbbTest -->
