<?xml version="1.0" encoding="UTF-8"?>
<!-- Generated by org.testng.reporters.JUnitReportReporter -->
<testsuite hostname="LAPTOP-TAVTASOM" failures="0" tests="16" name="Tests.PbbTest" time="59.268" errors="0" timestamp="2021-05-19T16:49:19 WIB" skipped="0">
  <testcase classname="Tests.PbbTest" name="clickBayarPBB" time="5.405"/>
  <system-out/>
  <testcase classname="Tests.PbbTest" name="validateInputValidNomorPajak" time="1.052"/>
  <system-out/>
  <testcase classname="Tests.PbbTest" name="PilihAlatBayarPBB" time="20.183"/>
  <system-out/>
  <testcase classname="Tests.PbbTest" name="goToPbbJakarta" time="0.092"/>
  <system-out/>
  <testcase classname="Tests.PbbTest" name="DaftarTrxTestPBB" time="4.879"/>
  <system-out/>
  <testcase classname="Tests.PbbTest" name="goToPaymentCenterPBB" time="0.063"/>
  <system-out/>
  <testcase classname="Tests.PbbTest" name="testLoginPBB" time="0.289"/>
  <system-out/>
  <testcase classname="Tests.PbbTest" name="checkOutPbb" time="1.497"/>
  <system-out/>
  <testcase classname="Tests.PbbTest" name="inputValidNomorPajak" time="1.157"/>
  <system-out/>
  <testcase classname="Tests.PbbTest" name="inputInvalidMinNomorPajak" time="1.278"/>
  <system-out/>
  <testcase classname="Tests.PbbTest" name="goToLoginPagePBB" time="0.533"/>
  <system-out/>
  <testcase classname="Tests.PbbTest" name="validateInputInvalidMinNomorPajak" time="5.356"/>
  <system-out/>
  <testcase classname="Tests.PbbTest" name="validateInputInvalidMaxNomorPajak" time="8.662"/>
  <system-out/>
  <testcase classname="Tests.PbbTest" name="inputInvalidMaxNomorPajak" time="1.225"/>
  <system-out/>
  <testcase classname="Tests.PbbTest" name="goToPbbTest" time="7.420"/>
  <system-out/>
  <testcase classname="Tests.PbbTest" name="pilihTahunPajak" time="0.177"/>
  <system-out/>
</testsuite> <!-- Tests.PbbTest -->
