<?xml version="1.0" encoding="UTF-8"?>
<!-- Generated by org.testng.reporters.JUnitReportReporter -->
<testsuite hostname="LAPTOP-TAVTASOM" failures="0" tests="16" name="Tests.BpjsTest" time="54.389" errors="0" timestamp="2021-05-08T19:30:57 WIB" skipped="0">
  <testcase classname="Tests.BpjsTest" name="goToLoginPage" time="1.953"/>
  <system-out/>
  <testcase classname="Tests.BpjsTest" name="testLogin" time="0.420"/>
  <system-out/>
  <testcase classname="Tests.BpjsTest" name="goToBPJSTest" time="7.418"/>
  <system-out/>
  <testcase classname="Tests.BpjsTest" name="searchBPJSKeyword" time="1.897"/>
  <system-out/>
  <testcase classname="Tests.BpjsTest" name="goToBpjsKesehatan" time="0.112"/>
  <system-out/>
  <testcase classname="Tests.BpjsTest" name="inputInvalidMinNomorBpjs" time="1.325"/>
  <system-out/>
  <testcase classname="Tests.BpjsTest" name="validateInvalidMinNomorBpjs" time="1.733"/>
  <system-out/>
  <testcase classname="Tests.BpjsTest" name="inputInvalidMaxnNomorBpjs" time="1.196"/>
  <system-out/>
  <testcase classname="Tests.BpjsTest" name="validateInvalidMaxNomorBpjs" time="3.269"/>
  <system-out/>
  <testcase classname="Tests.BpjsTest" name="inputValidnNomorBpjs" time="2.131"/>
  <system-out/>
  <testcase classname="Tests.BpjsTest" name="validateValidNomorBpjs" time="1.073"/>
  <system-out/>
  <testcase classname="Tests.BpjsTest" name="goToPaymentCenter" time="1.392"/>
  <system-out/>
  <testcase classname="Tests.BpjsTest" name="PilihAlatBayar" time="20.198"/>
  <system-out/>
  <testcase classname="Tests.BpjsTest" name="clickBayar" time="0.977"/>
  <system-out/>
  <testcase classname="Tests.BpjsTest" name="TQPageTest" time="5.286"/>
  <system-out/>
  <testcase classname="Tests.BpjsTest" name="DaftarTrxTest" time="4.009"/>
  <system-out/>
</testsuite> <!-- Tests.BpjsTest -->
