<?xml version="1.0" encoding="UTF-8"?>
<!-- Generated by org.testng.reporters.JUnitReportReporter -->
<testsuite hostname="LAPTOP-TAVTASOM" failures="0" tests="29" name="Tests.HomePageTest" time="46.761" errors="0" timestamp="2021-05-08T09:58:37 WIB" skipped="0">
  <testcase classname="Tests.HomePageTest" name="goToLoginPage" time="1.030"/>
  <system-out/>
  <testcase classname="Tests.HomePageTest" name="testLogin" time="0.546"/>
  <system-out/>
  <testcase classname="Tests.HomePageTest" name="UITestLogo" time="6.187"/>
  <system-out/>
  <testcase classname="Tests.HomePageTest" name="verifyPageTitle" time="0.022"/>
  <system-out/>
  <testcase classname="Tests.HomePageTest" name="UITestFacebook" time="0.171"/>
  <system-out/>
  <testcase classname="Tests.HomePageTest" name="UITestInstagram" time="0.149"/>
  <system-out/>
  <testcase classname="Tests.HomePageTest" name="UITestDownload" time="0.116"/>
  <system-out/>
  <testcase classname="Tests.HomePageTest" name="UITestLayananPelanggan" time="0.110"/>
  <system-out/>
  <testcase classname="Tests.HomePageTest" name="UITestDaftarTrx" time="0.124"/>
  <system-out/>
  <testcase classname="Tests.HomePageTest" name="UITestItemSaldo" time="0.107"/>
  <system-out/>
  <testcase classname="Tests.HomePageTest" name="UITestUserProfile" time="0.116"/>
  <system-out/>
  <testcase classname="Tests.HomePageTest" name="UITestSearch" time="0.106"/>
  <system-out/>
  <testcase classname="Tests.HomePageTest" name="UITestBanner" time="0.103"/>
  <system-out/>
  <testcase classname="Tests.HomePageTest" name="validateCategoryPulsa" time="2.040"/>
  <system-out/>
  <testcase classname="Tests.HomePageTest" name="validateCategoryEmoney" time="1.662"/>
  <system-out/>
  <testcase classname="Tests.HomePageTest" name="validateCategoryESasmat" time="2.201"/>
  <system-out/>
  <testcase classname="Tests.HomePageTest" name="validateCategoryPLN" time="1.904"/>
  <system-out/>
  <testcase classname="Tests.HomePageTest" name="validateCategoryBPJS" time="1.804"/>
  <system-out/>
  <testcase classname="Tests.HomePageTest" name="validateCategoryInternet" time="1.822"/>
  <system-out/>
  <testcase classname="Tests.HomePageTest" name="validateCategoryGame" time="1.670"/>
  <system-out/>
  <testcase classname="Tests.HomePageTest" name="validateCategoryStreaming" time="1.854"/>
  <system-out/>
  <testcase classname="Tests.HomePageTest" name="validateCategoryGas" time="1.906"/>
  <system-out/>
  <testcase classname="Tests.HomePageTest" name="validateCategoryPBB" time="3.186"/>
  <system-out/>
  <testcase classname="Tests.HomePageTest" name="validateCategoryPDAM" time="1.737"/>
  <system-out/>
  <testcase classname="Tests.HomePageTest" name="validateCategoryTelomPascaBayar" time="1.813"/>
  <system-out/>
  <testcase classname="Tests.HomePageTest" name="validateCategoryIPL" time="2.185"/>
  <system-out/>
  <testcase classname="Tests.HomePageTest" name="validateCategoryAsuransi" time="2.315"/>
  <system-out/>
  <testcase classname="Tests.HomePageTest" name="validateCategoryMultiFinance" time="2.714"/>
  <system-out/>
  <testcase classname="Tests.HomePageTest" name="validateCategoryPendidikan" time="7.061"/>
  <system-out/>
</testsuite> <!-- Tests.HomePageTest -->
