<?xml version="1.0" encoding="UTF-8"?>
<!-- Generated by org.testng.reporters.JUnitReportReporter -->
<testsuite hostname="LAPTOP-TAVTASOM" failures="0" tests="16" name="Tests.SamsatTest" time="48.357" errors="0" timestamp="2021-05-19T16:49:19 WIB" skipped="0">
  <testcase classname="Tests.SamsatTest" name="InvalidMaxSetKodePembayaran" time="0.267"/>
  <system-out/>
  <testcase classname="Tests.SamsatTest" name="goToLoginPage" time="0.691"/>
  <system-out/>
  <testcase classname="Tests.SamsatTest" name="checkOutSamsat" time="1.459"/>
  <system-out/>
  <testcase classname="Tests.SamsatTest" name="DaftarTrxTestonSamsat" time="3.435"/>
  <system-out/>
  <testcase classname="Tests.SamsatTest" name="ValidateValidKodePembayaran" time="1.105"/>
  <system-out/>
  <testcase classname="Tests.SamsatTest" name="goToSamsatBanten" time="0.145"/>
  <system-out/>
  <testcase classname="Tests.SamsatTest" name="InputValidSetKodePembayaran" time="0.215"/>
  <system-out/>
  <testcase classname="Tests.SamsatTest" name="TQPageTestonSamsat" time="5.908"/>
  <system-out/>
  <testcase classname="Tests.SamsatTest" name="testLogin" time="0.564"/>
  <system-out/>
  <testcase classname="Tests.SamsatTest" name="ValidateInvalidMinKodePembayaran" time="3.782"/>
  <system-out/>
  <testcase classname="Tests.SamsatTest" name="clickBayaronSamsat" time="0.975"/>
  <system-out/>
  <testcase classname="Tests.SamsatTest" name="goToSamsatTest" time="6.903"/>
  <system-out/>
  <testcase classname="Tests.SamsatTest" name="ValidateInvalidMaxKodePembayaran" time="2.368"/>
  <system-out/>
  <testcase classname="Tests.SamsatTest" name="PilihAlatBayaronSamsat" time="20.184"/>
  <system-out/>
  <testcase classname="Tests.SamsatTest" name="InvalidMinSetKodePembayaran" time="0.283"/>
  <system-out/>
  <testcase classname="Tests.SamsatTest" name="goToPaymentCenteronSamsat" time="0.073"/>
  <system-out/>
</testsuite> <!-- Tests.SamsatTest -->
