<?xml version="1.0" encoding="UTF-8"?>
<!-- Generated by org.testng.reporters.JUnitReportReporter -->
<testsuite hostname="LAPTOP-TAVTASOM" failures="0" tests="64" name="Tests.plnTest" time="94.155" errors="0" timestamp="2021-05-19T16:59:04 WIB" skipped="0">
  <testcase classname="Tests.plnTest" name="validateGoToHomePageTQPage" time="0.049"/>
  <system-out/>
  <testcase classname="Tests.plnTest" name="validateGoToOrderHistoryTQPage" time="0.047"/>
  <system-out/>
  <testcase classname="Tests.plnTest" name="inputInvalidMinTokenPLN" time="1.858"/>
  <system-out/>
  <testcase classname="Tests.plnTest" name="goToLoginPagePLN" time="0.666"/>
  <system-out/>
  <testcase classname="Tests.plnTest" name="validateBCAVA" time="1.114"/>
  <system-out/>
  <testcase classname="Tests.plnTest" name="validateKodeBayarTQPage" time="0.046"/>
  <system-out/>
  <testcase classname="Tests.plnTest" name="ValidateItemProductCO" time="0.146"/>
  <system-out/>
  <testcase classname="Tests.plnTest" name="validateIconOrderHistoryOH" time="0.038"/>
  <system-out/>
  <testcase classname="Tests.plnTest" name="goTokenListrikPLN" time="0.113"/>
  <system-out/>
  <testcase classname="Tests.plnTest" name="setDenomPLN" time="0.091"/>
  <system-out/>
  <testcase classname="Tests.plnTest" name="validateTotalBayarTQPage" time="0.045"/>
  <system-out/>
  <testcase classname="Tests.plnTest" name="validateLogoOH" time="3.461"/>
  <system-out/>
  <testcase classname="Tests.plnTest" name="validateKetStatusTQPage" time="0.050"/>
  <system-out/>
  <testcase classname="Tests.plnTest" name="validateiconTravelOH" time="0.034"/>
  <system-out/>
  <testcase classname="Tests.plnTest" name="validateFilterRefund" time="5.672"/>
  <system-out/>
  <testcase classname="Tests.plnTest" name="ValidateItemCouponCO" time="0.143"/>
  <system-out/>
  <testcase classname="Tests.plnTest" name="DaftarTrxTest" time="3.358"/>
  <system-out/>
  <testcase classname="Tests.plnTest" name="validateFilterKonfirmasi" time="2.609"/>
  <system-out/>
  <testcase classname="Tests.plnTest" name="ValidateItemSubTotalCO" time="0.124"/>
  <system-out/>
  <testcase classname="Tests.plnTest" name="ValidateTabKonfirmasiPesananCO" time="0.127"/>
  <system-out/>
  <testcase classname="Tests.plnTest" name="validatePetunjukBayarTQPage" time="0.044"/>
  <system-out/>
  <testcase classname="Tests.plnTest" name="validateItemSaldoOH" time="0.034"/>
  <system-out/>
  <testcase classname="Tests.plnTest" name="validateRetailOrderHistoryOH" time="0.036"/>
  <system-out/>
  <testcase classname="Tests.plnTest" name="setNominalPLN" time="0.154"/>
  <system-out/>
  <testcase classname="Tests.plnTest" name="validateBatasPesanTQPage" time="0.047"/>
  <system-out/>
  <testcase classname="Tests.plnTest" name="ValidateBoxImageCO" time="0.133"/>
  <system-out/>
  <testcase classname="Tests.plnTest" name="validateFoodOrderHistoryOH" time="0.036"/>
  <system-out/>
  <testcase classname="Tests.plnTest" name="inputInvalidMaxTokenPLN" time="1.799"/>
  <system-out/>
  <testcase classname="Tests.plnTest" name="validateFilterProses" time="5.601"/>
  <system-out/>
  <testcase classname="Tests.plnTest" name="validateFilterBerhasil" time="5.422"/>
  <system-out/>
  <testcase classname="Tests.plnTest" name="validateIsaku" time="0.658"/>
  <system-out/>
  <testcase classname="Tests.plnTest" name="validateTanggalPesanTQPage" time="0.042"/>
  <system-out/>
  <testcase classname="Tests.plnTest" name="validateDownloadAppCareOH" time="0.035"/>
  <system-out/>
  <testcase classname="Tests.plnTest" name="validateFilterSemua" time="5.449"/>
  <system-out/>
  <testcase classname="Tests.plnTest" name="inputValidTokenPLN" time="1.099"/>
  <system-out/>
  <testcase classname="Tests.plnTest" name="validateSubTotalPC" time="10.221"/>
  <system-out/>
  <testcase classname="Tests.plnTest" name="validateFilterGagal" time="5.546"/>
  <system-out/>
  <testcase classname="Tests.plnTest" name="goToCheckOut" time="0.091"/>
  <system-out/>
  <testcase classname="Tests.plnTest" name="validateMetodeBayarTQPage" time="0.049"/>
  <system-out/>
  <testcase classname="Tests.plnTest" name="goToPLNTest" time="6.756"/>
  <system-out/>
  <testcase classname="Tests.plnTest" name="goToPaymentCenter" time="0.076"/>
  <system-out/>
  <testcase classname="Tests.plnTest" name="validateProfileOH" time="0.035"/>
  <system-out/>
  <testcase classname="Tests.plnTest" name="validateCustomerCareOH" time="0.036"/>
  <system-out/>
  <testcase classname="Tests.plnTest" name="validateiconRetailOH" time="0.035"/>
  <system-out/>
  <testcase classname="Tests.plnTest" name="validateiconVirtualOH" time="0.041"/>
  <system-out/>
  <testcase classname="Tests.plnTest" name="validateHeaderTQPage" time="2.787"/>
  <system-out/>
  <testcase classname="Tests.plnTest" name="validateInstagramOH" time="0.043"/>
  <system-out/>
  <testcase classname="Tests.plnTest" name="validateFacebookOH" time="0.041"/>
  <system-out/>
  <testcase classname="Tests.plnTest" name="clickBayar" time="0.969"/>
  <system-out/>
  <testcase classname="Tests.plnTest" name="validateiconTiketOH" time="0.039"/>
  <system-out/>
  <testcase classname="Tests.plnTest" name="ValidateDeleteProductCO" time="0.121"/>
  <system-out/>
  <testcase classname="Tests.plnTest" name="validateTravelOrderHistoryOH" time="0.034"/>
  <system-out/>
  <testcase classname="Tests.plnTest" name="validateBottomTQPage" time="2.695"/>
  <system-out/>
  <testcase classname="Tests.plnTest" name="ValidateLogoCO" time="1.800"/>
  <system-out/>
  <testcase classname="Tests.plnTest" name="validateRincianPembayaranTQPage" time="0.050"/>
  <system-out/>
  <testcase classname="Tests.plnTest" name="ValidateItemTotalCO" time="0.124"/>
  <system-out/>
  <testcase classname="Tests.plnTest" name="validateATM" time="0.624"/>
  <system-out/>
  <testcase classname="Tests.plnTest" name="validateDownloadAppOH" time="0.039"/>
  <system-out/>
  <testcase classname="Tests.plnTest" name="testLoginPLN" time="0.200"/>
  <system-out/>
  <testcase classname="Tests.plnTest" name="PilihAlatBayar" time="20.152"/>
  <system-out/>
  <testcase classname="Tests.plnTest" name="validateiconFoodOH" time="0.033"/>
  <system-out/>
  <testcase classname="Tests.plnTest" name="validateVirtualOrderHistoryOH" time="0.034"/>
  <system-out/>
  <testcase classname="Tests.plnTest" name="validateTiketOrderHistoryOH" time="0.034"/>
  <system-out/>
  <testcase classname="Tests.plnTest" name="validateRekpon" time="1.070"/>
  <system-out/>
</testsuite> <!-- Tests.plnTest -->
