<?xml version="1.0" encoding="UTF-8"?>
<!-- Generated by org.testng.reporters.JUnitReportReporter -->
<testsuite hostname="LAPTOP-TAVTASOM" failures="0" tests="16" name="Tests.PbbTest" time="91.441" errors="0" timestamp="2021-05-14T17:56:08 WIB" skipped="0">
  <testcase classname="Tests.PbbTest" name="goToPaymentCenterPBB" time="0.151"/>
  <system-out/>
  <testcase classname="Tests.PbbTest" name="goToPbbTest" time="16.036"/>
  <system-out/>
  <testcase classname="Tests.PbbTest" name="DaftarTrxTestPBB" time="4.252"/>
  <system-out/>
  <testcase classname="Tests.PbbTest" name="checkOutPbb" time="3.585"/>
  <system-out/>
  <testcase classname="Tests.PbbTest" name="validateInputInvalidMaxNomorPajak" time="19.829"/>
  <system-out/>
  <testcase classname="Tests.PbbTest" name="goToPbbJakarta" time="0.116"/>
  <system-out/>
  <testcase classname="Tests.PbbTest" name="inputInvalidMaxNomorPajak" time="1.179"/>
  <system-out/>
  <testcase classname="Tests.PbbTest" name="clickBayarPBB" time="8.461"/>
  <system-out/>
  <testcase classname="Tests.PbbTest" name="pilihTahunPajak" time="0.335"/>
  <system-out/>
  <testcase classname="Tests.PbbTest" name="validateInputInvalidMinNomorPajak" time="5.608"/>
  <system-out/>
  <testcase classname="Tests.PbbTest" name="inputInvalidMinNomorPajak" time="1.488"/>
  <system-out/>
  <testcase classname="Tests.PbbTest" name="goToLoginPagePBB" time="5.570"/>
  <system-out/>
  <testcase classname="Tests.PbbTest" name="testLoginPBB" time="1.287"/>
  <system-out/>
  <testcase classname="Tests.PbbTest" name="validateInputValidNomorPajak" time="1.074"/>
  <system-out/>
  <testcase classname="Tests.PbbTest" name="PilihAlatBayarPBB" time="21.238"/>
  <system-out/>
  <testcase classname="Tests.PbbTest" name="inputValidNomorPajak" time="1.232"/>
  <system-out/>
</testsuite> <!-- Tests.PbbTest -->
