<?xml version="1.0" encoding="UTF-8"?>
<!-- Generated by org.testng.reporters.JUnitReportReporter -->
<testsuite hostname="LAPTOP-TAVTASOM" failures="0" tests="18" name="Tests.PdamTest" time="65.142" errors="0" timestamp="2021-05-19T16:49:19 WIB" skipped="0">
  <testcase classname="Tests.PdamTest" name="pilihNamaPDAM" time="0.162"/>
  <system-out/>
  <testcase classname="Tests.PdamTest" name="inputInvalidMinCustomerNoPDAM" time="0.661"/>
  <system-out/>
  <testcase classname="Tests.PdamTest" name="testLoginPDAM" time="0.296"/>
  <system-out/>
  <testcase classname="Tests.PdamTest" name="DaftarTrxTestPDAM" time="4.213"/>
  <system-out/>
  <testcase classname="Tests.PdamTest" name="goToPaymentCenterPDAM" time="0.069"/>
  <system-out/>
  <testcase classname="Tests.PdamTest" name="TQPageTestPDAM" time="5.945"/>
  <system-out/>
  <testcase classname="Tests.PdamTest" name="inputTextPDAM" time="0.188"/>
  <system-out/>
  <testcase classname="Tests.PdamTest" name="ValidateInvalidMinCustomerNoPDAM" time="20.918"/>
  <system-out/>
  <testcase classname="Tests.PdamTest" name="inputValidCustomerNoPDAM" time="0.305"/>
  <system-out/>
  <testcase classname="Tests.PdamTest" name="goToLoginPagePDAM" time="0.854"/>
  <system-out/>
  <testcase classname="Tests.PdamTest" name="goToPdamTest" time="6.685"/>
  <system-out/>
  <testcase classname="Tests.PdamTest" name="clickBayarPDAM" time="1.003"/>
  <system-out/>
  <testcase classname="Tests.PdamTest" name="ValidateInvalidMaxCustomerNoPDAM" time="0.216"/>
  <system-out/>
  <testcase classname="Tests.PdamTest" name="checkOutPDAM" time="2.894"/>
  <system-out/>
  <testcase classname="Tests.PdamTest" name="PilihAlatBayarPDAM" time="20.189"/>
  <system-out/>
  <testcase classname="Tests.PdamTest" name="selectInputTextPDAM" time="0.084"/>
  <system-out/>
  <testcase classname="Tests.PdamTest" name="ValidateValidCustomerNoPDAM" time="0.062"/>
  <system-out/>
  <testcase classname="Tests.PdamTest" name="inputInvalidMaxCustomerNoPDAM" time="0.398"/>
  <system-out/>
</testsuite> <!-- Tests.PdamTest -->
