<?xml version="1.0" encoding="UTF-8"?>
<!-- Generated by org.testng.reporters.JUnitReportReporter -->
<testsuite hostname="LAPTOP-TAVTASOM" failures="0" tests="6" name="Tests.LoginTest" time="5.673" errors="0" timestamp="2021-05-19T16:59:04 WIB" skipped="0">
  <testcase classname="Tests.LoginTest" name="LoginInvalidPasswordMax" time="0.963"/>
  <system-out/>
  <testcase classname="Tests.LoginTest" name="LoginInvalidUsernameMin" time="1.191"/>
  <system-out/>
  <testcase classname="Tests.LoginTest" name="LoginInvalidPasswordMin" time="0.970"/>
  <system-out/>
  <testcase classname="Tests.LoginTest" name="LoginInvalidUsernameMax" time="1.228"/>
  <system-out/>
  <testcase classname="Tests.LoginTest" name="LoginValidUsernamePassword" time="0.401"/>
  <system-out/>
  <testcase classname="Tests.LoginTest" name="goToLoginPage" time="0.920"/>
  <system-out/>
</testsuite> <!-- Tests.LoginTest -->
