<?xml version="1.0" encoding="UTF-8"?>
<!-- Generated by org.testng.reporters.JUnitReportReporter -->
<testsuite hostname="LAPTOP-TAVTASOM" failures="0" tests="6" name="Tests.LoginTest" time="19.965" errors="0" timestamp="2021-05-14T17:56:08 WIB" skipped="0">
  <testcase classname="Tests.LoginTest" name="LoginInvalidUsernameMax" time="1.713"/>
  <system-out/>
  <testcase classname="Tests.LoginTest" name="LoginInvalidUsernameMin" time="3.735"/>
  <system-out/>
  <testcase classname="Tests.LoginTest" name="LoginInvalidPasswordMax" time="1.375"/>
  <system-out/>
  <testcase classname="Tests.LoginTest" name="LoginValidUsernamePassword" time="0.941"/>
  <system-out/>
  <testcase classname="Tests.LoginTest" name="goToLoginPage" time="7.335"/>
  <system-out/>
  <testcase classname="Tests.LoginTest" name="LoginInvalidPasswordMin" time="4.866"/>
  <system-out/>
</testsuite> <!-- Tests.LoginTest -->
