<?xml version="1.0" encoding="UTF-8"?>
<!-- Generated by org.testng.reporters.JUnitReportReporter -->
<testsuite hostname="LAPTOP-TAVTASOM" failures="0" tests="16" name="Tests.SamsatTest" time="65.326" errors="0" timestamp="2021-05-14T17:56:09 WIB" skipped="0">
  <testcase classname="Tests.SamsatTest" name="InvalidMaxSetKodePembayaran" time="0.245"/>
  <system-out/>
  <testcase classname="Tests.SamsatTest" name="goToSamsatTest" time="19.539"/>
  <system-out/>
  <testcase classname="Tests.SamsatTest" name="ValidateValidKodePembayaran" time="1.184"/>
  <system-out/>
  <testcase classname="Tests.SamsatTest" name="PilihAlatBayaronSamsat" time="20.363"/>
  <system-out/>
  <testcase classname="Tests.SamsatTest" name="InputValidSetKodePembayaran" time="0.297"/>
  <system-out/>
  <testcase classname="Tests.SamsatTest" name="clickBayaronSamsat" time="0.982"/>
  <system-out/>
  <testcase classname="Tests.SamsatTest" name="DaftarTrxTestonSamsat" time="4.353"/>
  <system-out/>
  <testcase classname="Tests.SamsatTest" name="ValidateInvalidMaxKodePembayaran" time="2.785"/>
  <system-out/>
  <testcase classname="Tests.SamsatTest" name="goToLoginPage" time="1.157"/>
  <system-out/>
  <testcase classname="Tests.SamsatTest" name="InvalidMinSetKodePembayaran" time="0.363"/>
  <system-out/>
  <testcase classname="Tests.SamsatTest" name="goToSamsatBanten" time="0.143"/>
  <system-out/>
  <testcase classname="Tests.SamsatTest" name="checkOutSamsat" time="2.515"/>
  <system-out/>
  <testcase classname="Tests.SamsatTest" name="testLogin" time="0.453"/>
  <system-out/>
  <testcase classname="Tests.SamsatTest" name="TQPageTestonSamsat" time="6.034"/>
  <system-out/>
  <testcase classname="Tests.SamsatTest" name="ValidateInvalidMinKodePembayaran" time="4.751"/>
  <system-out/>
  <testcase classname="Tests.SamsatTest" name="goToPaymentCenteronSamsat" time="0.162"/>
  <system-out/>
</testsuite> <!-- Tests.SamsatTest -->
