<?xml version="1.0" encoding="UTF-8"?>
<!-- Generated by org.testng.reporters.JUnitReportReporter -->
<testsuite hostname="LAPTOP-TAVTASOM" failures="0" tests="1" name="Tests.LoginTest" time="0.607" errors="0" timestamp="2021-03-10T14:56:03 WIB" skipped="0">
  <testcase classname="Tests.LoginTest" name="testLogin" time="0.607"/>
  <system-out/>
</testsuite> <!-- Tests.LoginTest -->
