<?xml version="1.0" encoding="UTF-8"?>
<!-- Generated by org.testng.reporters.JUnitReportReporter -->
<testsuite hostname="LAPTOP-TAVTASOM" failures="0" tests="12" name="Tests.plnTest" time="74.587" errors="0" timestamp="2021-03-19T17:17:50 WIB" skipped="0">
  <testcase classname="Tests.plnTest" name="goToLoginPage" time="2.717"/>
  <system-out/>
  <testcase classname="Tests.plnTest" name="testLogin" time="0.433"/>
  <system-out/>
  <testcase classname="Tests.plnTest" name="goToPLNTest" time="6.132"/>
  <system-out/>
  <testcase classname="Tests.plnTest" name="goTokenListrikPLN" time="0.100"/>
  <system-out/>
  <testcase classname="Tests.plnTest" name="inputTokenPLN" time="0.174"/>
  <system-out/>
  <testcase classname="Tests.plnTest" name="setDenomPLN" time="0.920"/>
  <system-out/>
  <testcase classname="Tests.plnTest" name="setNominalPLN" time="0.076"/>
  <system-out/>
  <testcase classname="Tests.plnTest" name="goToCheckOut" time="0.084"/>
  <system-out/>
  <testcase classname="Tests.plnTest" name="checkOutPLN" time="2.670"/>
  <system-out/>
  <testcase classname="Tests.plnTest" name="goToPaymentCenter" time="0.083"/>
  <system-out/>
  <testcase classname="Tests.plnTest" name="PilihAlatBayar" time="60.270"/>
  <system-out/>
  <testcase classname="Tests.plnTest" name="clickBayar" time="0.928"/>
  <system-out/>
</testsuite> <!-- Tests.plnTest -->
