<?xml version="1.0" encoding="UTF-8"?>
<!-- Generated by org.testng.reporters.JUnitReportReporter -->
<testsuite hostname="LAPTOP-TAVTASOM" failures="0" tests="6" name="Tests.LoginTest" time="7.597" errors="0" timestamp="2021-05-08T09:58:37 WIB" skipped="0">
  <testcase classname="Tests.LoginTest" name="goToLoginPage" time="1.465"/>
  <system-out/>
  <testcase classname="Tests.LoginTest" name="LoginInvalidUsernameMax" time="1.428"/>
  <system-out/>
  <testcase classname="Tests.LoginTest" name="LoginInvalidPasswordMax" time="1.199"/>
  <system-out/>
  <testcase classname="Tests.LoginTest" name="LoginInvalidUsernameMin" time="1.577"/>
  <system-out/>
  <testcase classname="Tests.LoginTest" name="LoginInvalidPasswordMin" time="1.326"/>
  <system-out/>
  <testcase classname="Tests.LoginTest" name="LoginValidUsernamePassword" time="0.602"/>
  <system-out/>
</testsuite> <!-- Tests.LoginTest -->
