<?xml version="1.0" encoding="UTF-8"?>
<!-- Generated by org.testng.reporters.JUnitReportReporter -->
<testsuite hostname="LAPTOP-TAVTASOM" failures="2" tests="35" name="Tests.HomePageTest" time="73.319" errors="0" timestamp="2021-05-19T16:59:04 WIB" skipped="0">
  <testcase classname="Tests.HomePageTest" name="UITestInstagram" time="0.098"/>
  <system-out/>
  <testcase classname="Tests.HomePageTest" name="validateCategoryPDAM" time="1.340"/>
  <system-out/>
  <testcase classname="Tests.HomePageTest" name="verifyPageTitle" time="0.021"/>
  <system-out/>
  <testcase classname="Tests.HomePageTest" name="searchPDAM" time="8.433"/>
  <system-out/>
  <testcase classname="Tests.HomePageTest" name="searchBPJS" time="6.766"/>
  <system-out/>
  <testcase classname="Tests.HomePageTest" name="goToLoginPage" time="0.568"/>
  <system-out/>
  <testcase classname="Tests.HomePageTest" name="validateCategoryMultiFinance" time="2.398"/>
  <system-out/>
  <testcase classname="Tests.HomePageTest" name="validateCategoryPulsa" time="1.425"/>
  <system-out/>
  <testcase classname="Tests.HomePageTest" name="validateCategoryGame" time="1.900"/>
  <system-out/>
  <testcase classname="Tests.HomePageTest" name="validateCategoryGas" time="1.566"/>
  <system-out/>
  <testcase classname="Tests.HomePageTest" name="validateCategoryStreaming" time="1.785"/>
  <system-out/>
  <testcase classname="Tests.HomePageTest" name="UITestDownload" time="0.075"/>
  <system-out/>
  <testcase classname="Tests.HomePageTest" name="UITestItemSaldo" time="0.061"/>
  <system-out/>
  <testcase classname="Tests.HomePageTest" name="UITestBanner" time="0.066"/>
  <system-out/>
  <testcase classname="Tests.HomePageTest" name="validateCategoryEmoney" time="1.233"/>
  <system-out/>
  <testcase classname="Tests.HomePageTest" name="validateCategoryBPJS" time="1.149"/>
  <system-out/>
  <testcase classname="Tests.HomePageTest" name="UITestDaftarTrx" time="0.063"/>
  <system-out/>
  <testcase classname="Tests.HomePageTest" name="UITestSearch" time="0.075"/>
  <system-out/>
  <testcase classname="Tests.HomePageTest" name="UITestFacebook" time="0.107"/>
  <system-out/>
  <testcase classname="Tests.HomePageTest" name="searchPLN" time="4.676"/>
  <system-out/>
  <testcase classname="Tests.HomePageTest" name="UITestUserProfile" time="0.061"/>
  <system-out/>
  <testcase classname="Tests.HomePageTest" name="searchSamsat" time="4.374">
    <failure message="expected [https://virtual.klikindomaret.com/category/ESamsat?permalink=e-samsat-banten&amp;productid=907af331-ce4b-43d4-a56a-0879c8e68f37] but found [https://virtual.klikindomaret.com/category/ESamsat?permalink=e-samsat-jawa-timur&amp;productid=0deb539c-928d-4198-ac57-36ca5e27e44e]" type="java.lang.AssertionError">
      <![CDATA[java.lang.AssertionError: expected [https://virtual.klikindomaret.com/category/ESamsat?permalink=e-samsat-banten&productid=907af331-ce4b-43d4-a56a-0879c8e68f37] but found [https://virtual.klikindomaret.com/category/ESamsat?permalink=e-samsat-jawa-timur&productid=0deb539c-928d-4198-ac57-36ca5e27e44e]
at org.testng.Assert.fail(Assert.java:99)
at org.testng.Assert.failNotEquals(Assert.java:1037)
at org.testng.Assert.assertEqualsImpl(Assert.java:140)
at org.testng.Assert.assertEquals(Assert.java:122)
at org.testng.Assert.assertEquals(Assert.java:629)
at org.testng.Assert.assertEquals(Assert.java:639)
at Pages.HomePageVirtual.clickSearchSamsatKeyword(HomePageVirtual.java:305)
at Tests.HomePageTest.searchSamsat(HomePageTest.java:254)
at java.base/jdk.internal.reflect.NativeMethodAccessorImpl.invoke0(Native Method)
at java.base/jdk.internal.reflect.NativeMethodAccessorImpl.invoke(NativeMethodAccessorImpl.java:64)
at java.base/jdk.internal.reflect.DelegatingMethodAccessorImpl.invoke(DelegatingMethodAccessorImpl.java:43)
at java.base/java.lang.reflect.Method.invoke(Method.java:564)
at org.testng.internal.MethodInvocationHelper.invokeMethod(MethodInvocationHelper.java:132)
at org.testng.internal.TestInvoker.invokeMethod(TestInvoker.java:599)
at org.testng.internal.TestInvoker.invokeTestMethod(TestInvoker.java:174)
at org.testng.internal.MethodRunner.runInSequence(MethodRunner.java:46)
at org.testng.internal.TestInvoker$MethodInvocationAgent.invoke(TestInvoker.java:822)
at org.testng.internal.TestInvoker.invokeTestMethods(TestInvoker.java:147)
at org.testng.internal.TestMethodWorker.invokeTestMethods(TestMethodWorker.java:146)
at org.testng.internal.TestMethodWorker.run(TestMethodWorker.java:128)
at java.base/java.util.ArrayList.forEach(ArrayList.java:1511)
at org.testng.TestRunner.privateRun(TestRunner.java:764)
at org.testng.TestRunner.run(TestRunner.java:585)
at org.testng.SuiteRunner.runTest(SuiteRunner.java:384)
at org.testng.SuiteRunner.runSequentially(SuiteRunner.java:378)
at org.testng.SuiteRunner.privateRun(SuiteRunner.java:337)
at org.testng.SuiteRunner.run(SuiteRunner.java:286)
at org.testng.SuiteRunnerWorker.runSuite(SuiteRunnerWorker.java:53)
at org.testng.SuiteRunnerWorker.run(SuiteRunnerWorker.java:96)
at org.testng.TestNG.runSuitesSequentially(TestNG.java:1218)
at org.testng.TestNG.runSuitesSequentially(TestNG.java:1213)
at org.testng.TestNG.runSuitesLocally(TestNG.java:1140)
at org.testng.TestNG.runSuites(TestNG.java:1069)
at org.testng.TestNG.run(TestNG.java:1037)
at org.testng.remote.AbstractRemoteTestNG.run(AbstractRemoteTestNG.java:115)
at org.testng.remote.RemoteTestNG.initAndRun(RemoteTestNG.java:251)
at org.testng.remote.RemoteTestNG.main(RemoteTestNG.java:77)
]]>
    </failure>
  </testcase> <!-- searchSamsat -->
  <system-out/>
  <testcase classname="Tests.HomePageTest" name="validateCategoryInternet" time="1.633"/>
  <system-out/>
  <testcase classname="Tests.HomePageTest" name="validateCategoryESasmat" time="1.168"/>
  <system-out/>
  <testcase classname="Tests.HomePageTest" name="validateCategoryPendidikan" time="5.972"/>
  <system-out/>
  <testcase classname="Tests.HomePageTest" name="testLogin" time="0.281"/>
  <system-out/>
  <testcase classname="Tests.HomePageTest" name="UITestLayananPelanggan" time="0.068"/>
  <system-out/>
  <testcase classname="Tests.HomePageTest" name="UITestLogo" time="4.923"/>
  <system-out/>
  <testcase classname="Tests.HomePageTest" name="validateCategoryPBB" time="2.018"/>
  <system-out/>
  <testcase classname="Tests.HomePageTest" name="validateCategoryAsuransi" time="2.052"/>
  <system-out/>
  <testcase classname="Tests.HomePageTest" name="validateCategoryIPL" time="1.923"/>
  <system-out/>
  <testcase classname="Tests.HomePageTest" name="validateCategoryPLN" time="1.277"/>
  <system-out/>
  <testcase classname="Tests.HomePageTest" name="validateCategoryTelomPascaBayar" time="1.859"/>
  <system-out/>
  <testcase classname="Tests.HomePageTest" name="searchPulsa" time="5.375"/>
  <system-out/>
  <testcase classname="Tests.HomePageTest" name="searchPBB" time="6.530">
    <failure message="expected [https://virtual.klikindomaret.com/category/pbb?permalink=pbb-kab-cianjur&amp;productid=7d0e066b-0ccd-4247-85e2-18f8c92e7946] but found [https://virtual.klikindomaret.com/category/pbb?permalink=pbb-dki-jakarta&amp;productid=9ab3cce3-22e1-4f73-a228-cd5ef58b92bd]" type="java.lang.AssertionError">
      <![CDATA[java.lang.AssertionError: expected [https://virtual.klikindomaret.com/category/pbb?permalink=pbb-kab-cianjur&productid=7d0e066b-0ccd-4247-85e2-18f8c92e7946] but found [https://virtual.klikindomaret.com/category/pbb?permalink=pbb-dki-jakarta&productid=9ab3cce3-22e1-4f73-a228-cd5ef58b92bd]
at org.testng.Assert.fail(Assert.java:99)
at org.testng.Assert.failNotEquals(Assert.java:1037)
at org.testng.Assert.assertEqualsImpl(Assert.java:140)
at org.testng.Assert.assertEquals(Assert.java:122)
at org.testng.Assert.assertEquals(Assert.java:629)
at org.testng.Assert.assertEquals(Assert.java:639)
at Pages.HomePageVirtual.clickSearchPBBKeyword(HomePageVirtual.java:371)
at Tests.HomePageTest.searchPBB(HomePageTest.java:285)
at java.base/jdk.internal.reflect.NativeMethodAccessorImpl.invoke0(Native Method)
at java.base/jdk.internal.reflect.NativeMethodAccessorImpl.invoke(NativeMethodAccessorImpl.java:64)
at java.base/jdk.internal.reflect.DelegatingMethodAccessorImpl.invoke(DelegatingMethodAccessorImpl.java:43)
at java.base/java.lang.reflect.Method.invoke(Method.java:564)
at org.testng.internal.MethodInvocationHelper.invokeMethod(MethodInvocationHelper.java:132)
at org.testng.internal.TestInvoker.invokeMethod(TestInvoker.java:599)
at org.testng.internal.TestInvoker.invokeTestMethod(TestInvoker.java:174)
at org.testng.internal.MethodRunner.runInSequence(MethodRunner.java:46)
at org.testng.internal.TestInvoker$MethodInvocationAgent.invoke(TestInvoker.java:822)
at org.testng.internal.TestInvoker.invokeTestMethods(TestInvoker.java:147)
at org.testng.internal.TestMethodWorker.invokeTestMethods(TestMethodWorker.java:146)
at org.testng.internal.TestMethodWorker.run(TestMethodWorker.java:128)
at java.base/java.util.ArrayList.forEach(ArrayList.java:1511)
at org.testng.TestRunner.privateRun(TestRunner.java:764)
at org.testng.TestRunner.run(TestRunner.java:585)
at org.testng.SuiteRunner.runTest(SuiteRunner.java:384)
at org.testng.SuiteRunner.runSequentially(SuiteRunner.java:378)
at org.testng.SuiteRunner.privateRun(SuiteRunner.java:337)
at org.testng.SuiteRunner.run(SuiteRunner.java:286)
at org.testng.SuiteRunnerWorker.runSuite(SuiteRunnerWorker.java:53)
at org.testng.SuiteRunnerWorker.run(SuiteRunnerWorker.java:96)
at org.testng.TestNG.runSuitesSequentially(TestNG.java:1218)
at org.testng.TestNG.runSuitesSequentially(TestNG.java:1213)
at org.testng.TestNG.runSuitesLocally(TestNG.java:1140)
at org.testng.TestNG.runSuites(TestNG.java:1069)
at org.testng.TestNG.run(TestNG.java:1037)
at org.testng.remote.AbstractRemoteTestNG.run(AbstractRemoteTestNG.java:115)
at org.testng.remote.RemoteTestNG.initAndRun(RemoteTestNG.java:251)
at org.testng.remote.RemoteTestNG.main(RemoteTestNG.java:77)
]]>
    </failure>
  </testcase> <!-- searchPBB -->
  <system-out/>
</testsuite> <!-- Tests.HomePageTest -->
