<?xml version="1.0" encoding="UTF-8"?>
<!-- Generated by org.testng.reporters.JUnitReportReporter -->
<testsuite hostname="LAPTOP-TAVTASOM" failures="0" tests="18" name="Tests.PdamTest" time="51.009" errors="0" timestamp="2021-05-14T17:56:08 WIB" skipped="0">
  <testcase classname="Tests.PdamTest" name="clickBayarPDAM" time="0.997"/>
  <system-out/>
  <testcase classname="Tests.PdamTest" name="ValidateInvalidMinCustomerNoPDAM" time="2.437"/>
  <system-out/>
  <testcase classname="Tests.PdamTest" name="goToLoginPagePDAM" time="1.146"/>
  <system-out/>
  <testcase classname="Tests.PdamTest" name="checkOutPDAM" time="3.749"/>
  <system-out/>
  <testcase classname="Tests.PdamTest" name="PilihAlatBayarPDAM" time="20.604"/>
  <system-out/>
  <testcase classname="Tests.PdamTest" name="goToPaymentCenterPDAM" time="0.078"/>
  <system-out/>
  <testcase classname="Tests.PdamTest" name="TQPageTestPDAM" time="5.626"/>
  <system-out/>
  <testcase classname="Tests.PdamTest" name="testLoginPDAM" time="0.475"/>
  <system-out/>
  <testcase classname="Tests.PdamTest" name="inputTextPDAM" time="0.218"/>
  <system-out/>
  <testcase classname="Tests.PdamTest" name="goToPdamTest" time="9.158"/>
  <system-out/>
  <testcase classname="Tests.PdamTest" name="ValidateInvalidMaxCustomerNoPDAM" time="0.238"/>
  <system-out/>
  <testcase classname="Tests.PdamTest" name="inputValidCustomerNoPDAM" time="0.275"/>
  <system-out/>
  <testcase classname="Tests.PdamTest" name="ValidateValidCustomerNoPDAM" time="0.049"/>
  <system-out/>
  <testcase classname="Tests.PdamTest" name="inputInvalidMinCustomerNoPDAM" time="0.927"/>
  <system-out/>
  <testcase classname="Tests.PdamTest" name="selectInputTextPDAM" time="0.093"/>
  <system-out/>
  <testcase classname="Tests.PdamTest" name="pilihNamaPDAM" time="0.135"/>
  <system-out/>
  <testcase classname="Tests.PdamTest" name="inputInvalidMaxCustomerNoPDAM" time="0.318"/>
  <system-out/>
  <testcase classname="Tests.PdamTest" name="DaftarTrxTestPDAM" time="4.486"/>
  <system-out/>
</testsuite> <!-- Tests.PdamTest -->
